Determining if the pthread_create exist failed with the following output:
Change Dir: /home/deddy/QGCInterface/build/test_mavros/CMakeFiles/CMakeTmp

Run Build Command:"/usr/bin/make" "cmTryCompileExec3080266752/fast"
/usr/bin/make -f CMakeFiles/cmTryCompileExec3080266752.dir/build.make CMakeFiles/cmTryCompileExec3080266752.dir/build
make[1]: Entering directory `/home/deddy/QGCInterface/build/test_mavros/CMakeFiles/CMakeTmp'
/usr/bin/cmake -E cmake_progress_report /home/deddy/QGCInterface/build/test_mavros/CMakeFiles/CMakeTmp/CMakeFiles 1
Building C object CMakeFiles/cmTryCompileExec3080266752.dir/CheckSymbolExists.c.o
/usr/bin/cc    -o CMakeFiles/cmTryCompileExec3080266752.dir/CheckSymbolExists.c.o   -c /home/deddy/QGCInterface/build/test_mavros/CMakeFiles/CMakeTmp/CheckSymbolExists.c
Linking C executable cmTryCompileExec3080266752
/usr/bin/cmake -E cmake_link_script CMakeFiles/cmTryCompileExec3080266752.dir/link.txt --verbose=1
/usr/bin/cc       CMakeFiles/cmTryCompileExec3080266752.dir/CheckSymbolExists.c.o  -o cmTryCompileExec3080266752 -rdynamic 
CMakeFiles/cmTryCompileExec3080266752.dir/CheckSymbolExists.c.o: In function `main':
CheckSymbolExists.c:(.text+0x16): undefined reference to `pthread_create'
collect2: error: ld returned 1 exit status
make[1]: *** [cmTryCompileExec3080266752] Error 1
make[1]: Leaving directory `/home/deddy/QGCInterface/build/test_mavros/CMakeFiles/CMakeTmp'
make: *** [cmTryCompileExec3080266752/fast] Error 2

File /home/deddy/QGCInterface/build/test_mavros/CMakeFiles/CMakeTmp/CheckSymbolExists.c:
/* */
#include <pthread.h>

int main(int argc, char** argv)
{
  (void)argv;
#ifndef pthread_create
  return ((int*)(&pthread_create))[argc];
#else
  (void)argc;
  return 0;
#endif
}

Determining if the function pthread_create exists in the pthreads failed with the following output:
Change Dir: /home/deddy/QGCInterface/build/test_mavros/CMakeFiles/CMakeTmp

Run Build Command:"/usr/bin/make" "cmTryCompileExec1588416840/fast"
/usr/bin/make -f CMakeFiles/cmTryCompileExec1588416840.dir/build.make CMakeFiles/cmTryCompileExec1588416840.dir/build
make[1]: Entering directory `/home/deddy/QGCInterface/build/test_mavros/CMakeFiles/CMakeTmp'
/usr/bin/cmake -E cmake_progress_report /home/deddy/QGCInterface/build/test_mavros/CMakeFiles/CMakeTmp/CMakeFiles 1
Building C object CMakeFiles/cmTryCompileExec1588416840.dir/CheckFunctionExists.c.o
/usr/bin/cc   -DCHECK_FUNCTION_EXISTS=pthread_create   -o CMakeFiles/cmTryCompileExec1588416840.dir/CheckFunctionExists.c.o   -c /usr/share/cmake-3.2/Modules/CheckFunctionExists.c
Linking C executable cmTryCompileExec1588416840
/usr/bin/cmake -E cmake_link_script CMakeFiles/cmTryCompileExec1588416840.dir/link.txt --verbose=1
/usr/bin/cc   -DCHECK_FUNCTION_EXISTS=pthread_create    CMakeFiles/cmTryCompileExec1588416840.dir/CheckFunctionExists.c.o  -o cmTryCompileExec1588416840 -rdynamic -lpthreads 
/usr/bin/ld: cannot find -lpthreads
collect2: error: ld returned 1 exit status
make[1]: *** [cmTryCompileExec1588416840] Error 1
make[1]: Leaving directory `/home/deddy/QGCInterface/build/test_mavros/CMakeFiles/CMakeTmp'
make: *** [cmTryCompileExec1588416840/fast] Error 2


